#
# There is insufficient memory for the Java Runtime Environment to continue.
# Native memory allocation (malloc) failed to allocate 1174576 bytes for Chunk::new
# Possible reasons:
#   The system is out of physical RAM or swap space
#   In 32 bit mode, the process size limit was hit
# Possible solutions:
#   Reduce memory load on the system
#   Increase physical memory or swap space
#   Check if swap backing store is full
#   Use 64 bit Java on a 64 bit OS
#   Decrease Java heap size (-Xmx/-Xms)
#   Decrease number of Java threads
#   Decrease Java thread stack sizes (-Xss)
#   Set larger code cache with -XX:ReservedCodeCacheSize=
# This output file may be truncated or incomplete.
#
#  Out of Memory Error (allocation.cpp:390), pid=9888, tid=17820
#
# JRE version: Java(TM) SE Runtime Environment (8.0_25-b18) (build 1.8.0_25-b18)
# Java VM: Java HotSpot(TM) 64-Bit Server VM (25.25-b02 mixed mode windows-amd64 compressed oops)
# Failed to write core dump. Minidumps are not enabled by default on client versions of Windows
#

---------------  T H R E A D  ---------------

Current thread (0x00000000186dd800):  JavaThread "C2 CompilerThread0" daemon [_thread_in_native, id=17820, stack(0x0000000019460000,0x0000000019560000)]

Stack: [0x0000000019460000,0x0000000019560000]
Native frames: (J=compiled Java code, j=interpreted, Vv=VM code, C=native code)
V  [jvm.dll+0x31667a]


Current CompileTask:
C2:  36234 3096 %     4       com.sun.imageio.plugins.png.PNGImageWriter::encodePass @ 780 (1063 bytes)


---------------  P R O C E S S  ---------------

Java Threads: ( => current thread )
  0x000000001a6b5000 JavaThread "Java2D Disposer" daemon [_thread_blocked, id=11840, stack(0x000000001e280000,0x000000001e380000)]
  0x000000001c60f800 JavaThread "Exec Stream Pumper" daemon [_thread_in_native, id=18760, stack(0x000000001d930000,0x000000001da30000)]
  0x000000001c8d2000 JavaThread "Exec Stream Pumper" daemon [_thread_in_native, id=6716, stack(0x000000001d790000,0x000000001d890000)]
  0x000000001ae06800 JavaThread "UrlChecker-2" daemon [_thread_blocked, id=8220, stack(0x000000001d690000,0x000000001d790000)]
  0x000000001a8bf000 JavaThread "Exec Default Executor" daemon [_thread_in_native, id=17712, stack(0x00000000199b0000,0x0000000019ab0000)]
  0x000000001a9b6000 JavaThread "Darkroom Processing Line" daemon [_thread_in_vm, id=16756, stack(0x000000001bb00000,0x000000001bc00000)]
  0x000000001a66b000 JavaThread "com.google.inject.internal.util.$Finalizer" daemon [_thread_blocked, id=12212, stack(0x000000001b800000,0x000000001b900000)]
  0x000000001a67f800 JavaThread "ReaderThread" [_thread_in_native, id=19152, stack(0x000000001b6d0000,0x000000001b7d0000)]
  0x0000000018738800 JavaThread "Service Thread" daemon [_thread_blocked, id=18540, stack(0x0000000019ab0000,0x0000000019bb0000)]
  0x00000000186e3000 JavaThread "C1 CompilerThread2" daemon [_thread_blocked, id=2488, stack(0x00000000198a0000,0x00000000199a0000)]
  0x00000000186e1000 JavaThread "C2 CompilerThread1" daemon [_thread_blocked, id=19304, stack(0x0000000019720000,0x0000000019820000)]
=>0x00000000186dd800 JavaThread "C2 CompilerThread0" daemon [_thread_in_native, id=17820, stack(0x0000000019460000,0x0000000019560000)]
  0x00000000186c1800 JavaThread "JDWP Command Reader" daemon [_thread_in_native, id=9116, stack(0x0000000019570000,0x0000000019670000)]
  0x00000000186be000 JavaThread "JDWP Event Helper Thread" daemon [_thread_blocked, id=19216, stack(0x0000000018cd0000,0x0000000018dd0000)]
  0x00000000186b8800 JavaThread "JDWP Transport Listener: dt_socket" daemon [_thread_blocked, id=18156, stack(0x0000000019360000,0x0000000019460000)]
  0x00000000186ae000 JavaThread "Attach Listener" daemon [_thread_blocked, id=19220, stack(0x0000000018bc0000,0x0000000018cc0000)]
  0x00000000186ab000 JavaThread "Signal Dispatcher" daemon [_thread_blocked, id=15204, stack(0x0000000018480000,0x0000000018580000)]
  0x00000000172ee800 JavaThread "Finalizer" daemon [_thread_blocked, id=15564, stack(0x0000000018230000,0x0000000018330000)]
  0x00000000172e5800 JavaThread "Reference Handler" daemon [_thread_blocked, id=19100, stack(0x00000000185a0000,0x00000000186a0000)]
  0x00000000020f2000 JavaThread "main" [_thread_in_native, id=17132, stack(0x0000000002390000,0x0000000002490000)]

Other Threads:
  0x00000000172e0000 VMThread [stack: 0x0000000018360000,0x0000000018460000] [id=16568]
  0x000000001873a800 WatcherThread [stack: 0x0000000019d00000,0x0000000019e00000] [id=14464]

VM state:not at safepoint (normal execution)

VM Mutex/Monitor currently owned by a thread: None

Heap:
 PSYoungGen      total 41472K, used 13309K [0x00000000d5580000, 0x00000000d8800000, 0x0000000100000000)
  eden space 31232K, 10% used [0x00000000d5580000,0x00000000d58c3078,0x00000000d7400000)
  from space 10240K, 97% used [0x00000000d7400000,0x00000000d7dbc648,0x00000000d7e00000)
  to   space 9728K, 0% used [0x00000000d7e80000,0x00000000d7e80000,0x00000000d8800000)
 ParOldGen       total 61952K, used 22020K [0x0000000080000000, 0x0000000083c80000, 0x00000000d5580000)
  object space 61952K, 35% used [0x0000000080000000,0x0000000081581360,0x0000000083c80000)
 Metaspace       used 27229K, capacity 27470K, committed 27904K, reserved 1073152K
  class space    used 3491K, capacity 3541K, committed 3584K, reserved 1048576K

Card table byte_map: [0x0000000011850000,0x0000000011c60000] byte_map_base: 0x0000000011450000

Marking Bits: (ParMarkBitMap*) 0x0000000060d8d490
 Begin Bits: [0x0000000012550000, 0x0000000014550000)
 End Bits:   [0x0000000014550000, 0x0000000016550000)

Polling page: 0x0000000001ef0000

CodeCache: size=245760Kb used=10046Kb max_used=10574Kb free=235713Kb
 bounds [0x0000000002490000, 0x0000000002ef0000, 0x0000000011490000]
 total_blobs=3298 nmethods=2819 adapters=401
 compilation: enabled

Compilation events (10 events):
Event: 36.117 Thread 0x00000000186e3000 nmethod 3111 0x0000000002ee3110 code [0x0000000002ee3320, 0x0000000002ee3bc8]
Event: 36.118 Thread 0x00000000186e3000 3112       1       java.awt.image.SampleModel::getDataType (5 bytes)
Event: 36.118 Thread 0x00000000186e3000 nmethod 3112 0x0000000002ee54d0 code [0x0000000002ee5620, 0x0000000002ee5730]
Event: 36.118 Thread 0x00000000186e1000 nmethod 3103% 0x0000000002ee7810 code [0x0000000002ee7980, 0x0000000002ee82f8]
Event: 36.119 Thread 0x00000000186e3000 3113       3       com.sun.imageio.plugins.png.IDATOutputStream::write (43 bytes)
Event: 36.119 Thread 0x00000000186e3000 nmethod 3113 0x0000000002ee49d0 code [0x0000000002ee4b80, 0x0000000002ee5218]
Event: 36.119 Thread 0x00000000186e3000 3114   !   3       java.util.zip.Deflater::finished (19 bytes)
Event: 36.119 Thread 0x00000000186e3000 nmethod 3114 0x0000000002ee4490 code [0x0000000002ee4600, 0x0000000002ee48f0]
Event: 36.121 Thread 0x00000000186e1000 3115       4       sun.awt.image.ByteInterleavedRaster::getPixels (865 bytes)
Event: 36.155 Thread 0x00000000186e3000 3116       3       java.awt.Rectangle::<init> (26 bytes)

GC Heap History (10 events):
Event: 11.472 GC heap before
{Heap before GC invocations=6 (full 0):
 PSYoungGen      total 37888K, used 8825K [0x00000000d5580000, 0x00000000d8880000, 0x0000000100000000)
  eden space 32768K, 11% used [0x00000000d5580000,0x00000000d59259e8,0x00000000d7580000)
  from space 5120K, 99% used [0x00000000d7600000,0x00000000d7af8d68,0x00000000d7b00000)
  to   space 9728K, 0% used [0x00000000d7f00000,0x00000000d7f00000,0x00000000d8880000)
 ParOldGen       total 87552K, used 7105K [0x0000000080000000, 0x0000000085580000, 0x00000000d5580000)
  object space 87552K, 8% used [0x0000000080000000,0x00000000806f0548,0x0000000085580000)
 Metaspace       used 20856K, capacity 21024K, committed 21248K, reserved 1067008K
  class space    used 2710K, capacity 2765K, committed 2816K, reserved 1048576K
Event: 11.478 GC heap after
Heap after GC invocations=6 (full 0):
 PSYoungGen      total 41472K, used 5546K [0x00000000d5580000, 0x00000000d8800000, 0x0000000100000000)
  eden space 32256K, 0% used [0x00000000d5580000,0x00000000d5580000,0x00000000d7500000)
  from space 9216K, 60% used [0x00000000d7f00000,0x00000000d846aba0,0x00000000d8800000)
  to   space 9728K, 0% used [0x00000000d7500000,0x00000000d7500000,0x00000000d7e80000)
 ParOldGen       total 87552K, used 7113K [0x0000000080000000, 0x0000000085580000, 0x00000000d5580000)
  object space 87552K, 8% used [0x0000000080000000,0x00000000806f2548,0x0000000085580000)
 Metaspace       used 20856K, capacity 21024K, committed 21248K, reserved 1067008K
  class space    used 2710K, capacity 2765K, committed 2816K, reserved 1048576K
}
Event: 11.478 GC heap before
{Heap before GC invocations=7 (full 1):
 PSYoungGen      total 41472K, used 5546K [0x00000000d5580000, 0x00000000d8800000, 0x0000000100000000)
  eden space 32256K, 0% used [0x00000000d5580000,0x00000000d5580000,0x00000000d7500000)
  from space 9216K, 60% used [0x00000000d7f00000,0x00000000d846aba0,0x00000000d8800000)
  to   space 9728K, 0% used [0x00000000d7500000,0x00000000d7500000,0x00000000d7e80000)
 ParOldGen       total 87552K, used 7113K [0x0000000080000000, 0x0000000085580000, 0x00000000d5580000)
  object space 87552K, 8% used [0x0000000080000000,0x00000000806f2548,0x0000000085580000)
 Metaspace       used 20856K, capacity 21024K, committed 21248K, reserved 1067008K
  class space    used 2710K, capacity 2765K, committed 2816K, reserved 1048576K
Event: 11.539 GC heap after
Heap after GC invocations=7 (full 1):
 PSYoungGen      total 41472K, used 0K [0x00000000d5580000, 0x00000000d8800000, 0x0000000100000000)
  eden space 32256K, 0% used [0x00000000d5580000,0x00000000d5580000,0x00000000d7500000)
  from space 9216K, 0% used [0x00000000d7f00000,0x00000000d7f00000,0x00000000d8800000)
  to   space 9728K, 0% used [0x00000000d7500000,0x00000000d7500000,0x00000000d7e80000)
 ParOldGen       total 61952K, used 8121K [0x0000000080000000, 0x0000000083c80000, 0x00000000d5580000)
  object space 61952K, 13% used [0x0000000080000000,0x00000000807ee740,0x0000000083c80000)
 Metaspace       used 20856K, capacity 21024K, committed 21248K, reserved 1067008K
  class space    used 2710K, capacity 2765K, committed 2816K, reserved 1048576K
}
Event: 25.656 GC heap before
{Heap before GC invocations=8 (full 1):
 PSYoungGen      total 41472K, used 32256K [0x00000000d5580000, 0x00000000d8800000, 0x0000000100000000)
  eden space 32256K, 100% used [0x00000000d5580000,0x00000000d7500000,0x00000000d7500000)
  from space 9216K, 0% used [0x00000000d7f00000,0x00000000d7f00000,0x00000000d8800000)
  to   space 9728K, 0% used [0x00000000d7500000,0x00000000d7500000,0x00000000d7e80000)
 ParOldGen       total 61952K, used 8121K [0x0000000080000000, 0x0000000083c80000, 0x00000000d5580000)
  object space 61952K, 13% used [0x0000000080000000,0x00000000807ee740,0x0000000083c80000)
 Metaspace       used 23323K, capacity 23488K, committed 23936K, reserved 1071104K
  class space    used 3052K, capacity 3117K, committed 3200K, reserved 1048576K
Event: 25.661 GC heap after
Heap after GC invocations=8 (full 1):
 PSYoungGen      total 41472K, used 2087K [0x00000000d5580000, 0x00000000d8880000, 0x0000000100000000)
  eden space 31744K, 0% used [0x00000000d5580000,0x00000000d5580000,0x00000000d7480000)
  from space 9728K, 21% used [0x00000000d7500000,0x00000000d7709ee8,0x00000000d7e80000)
  to   space 10240K, 0% used [0x00000000d7e80000,0x00000000d7e80000,0x00000000d8880000)
 ParOldGen       total 61952K, used 8129K [0x0000000080000000, 0x0000000083c80000, 0x00000000d5580000)
  object space 61952K, 13% used [0x0000000080000000,0x00000000807f0740,0x0000000083c80000)
 Metaspace       used 23323K, capacity 23488K, committed 23936K, reserved 1071104K
  class space    used 3052K, capacity 3117K, committed 3200K, reserved 1048576K
}
Event: 35.708 GC heap before
{Heap before GC invocations=9 (full 1):
 PSYoungGen      total 41472K, used 28369K [0x00000000d5580000, 0x00000000d8880000, 0x0000000100000000)
  eden space 31744K, 82% used [0x00000000d5580000,0x00000000d6f2a5e8,0x00000000d7480000)
  from space 9728K, 21% used [0x00000000d7500000,0x00000000d7709ee8,0x00000000d7e80000)
  to   space 10240K, 0% used [0x00000000d7e80000,0x00000000d7e80000,0x00000000d8880000)
 ParOldGen       total 61952K, used 8129K [0x0000000080000000, 0x0000000083c80000, 0x00000000d5580000)
  object space 61952K, 13% used [0x0000000080000000,0x00000000807f0740,0x0000000083c80000)
 Metaspace       used 25957K, capacity 26190K, committed 26496K, reserved 1073152K
  class space    used 3362K, capacity 3413K, committed 3456K, reserved 1048576K
Event: 35.712 GC heap after
Heap after GC invocations=9 (full 1):
 PSYoungGen      total 40960K, used 1925K [0x00000000d5580000, 0x00000000d8800000, 0x0000000100000000)
  eden space 31232K, 0% used [0x00000000d5580000,0x00000000d5580000,0x00000000d7400000)
  from space 9728K, 19% used [0x00000000d7e80000,0x00000000d8061660,0x00000000d8800000)
  to   space 10240K, 0% used [0x00000000d7400000,0x00000000d7400000,0x00000000d7e00000)
 ParOldGen       total 61952K, used 8137K [0x0000000080000000, 0x0000000083c80000, 0x00000000d5580000)
  object space 61952K, 13% used [0x0000000080000000,0x00000000807f2740,0x0000000083c80000)
 Metaspace       used 25957K, capacity 26190K, committed 26496K, reserved 1073152K
  class space    used 3362K, capacity 3413K, committed 3456K, reserved 1048576K
}
Event: 36.124 GC heap before
{Heap before GC invocations=10 (full 1):
 PSYoungGen      total 40960K, used 33157K [0x00000000d5580000, 0x00000000d8800000, 0x0000000100000000)
  eden space 31232K, 100% used [0x00000000d5580000,0x00000000d7400000,0x00000000d7400000)
  from space 9728K, 19% used [0x00000000d7e80000,0x00000000d8061660,0x00000000d8800000)
  to   space 10240K, 0% used [0x00000000d7400000,0x00000000d7400000,0x00000000d7e00000)
 ParOldGen       total 61952K, used 8137K [0x0000000080000000, 0x0000000083c80000, 0x00000000d5580000)
  object space 61952K, 13% used [0x0000000080000000,0x00000000807f2740,0x0000000083c80000)
 Metaspace       used 27164K, capacity 27406K, committed 27904K, reserved 1073152K
  class space    used 3483K, capacity 3541K, committed 3584K, reserved 1048576K
Event: 36.153 GC heap after
Heap after GC invocations=10 (full 1):
 PSYoungGen      total 41472K, used 9969K [0x00000000d5580000, 0x00000000d8800000, 0x0000000100000000)
  eden space 31232K, 0% used [0x00000000d5580000,0x00000000d5580000,0x00000000d7400000)
  from space 10240K, 97% used [0x00000000d7400000,0x00000000d7dbc648,0x00000000d7e00000)
  to   space 9728K, 0% used [0x00000000d7e80000,0x00000000d7e80000,0x00000000d8800000)
 ParOldGen       total 61952K, used 22020K [0x0000000080000000, 0x0000000083c80000, 0x00000000d5580000)
  object space 61952K, 35% used [0x0000000080000000,0x0000000081581360,0x0000000083c80000)
 Metaspace       used 27164K, capacity 27406K, committed 27904K, reserved 1073152K
  class space    used 3483K, capacity 3541K, committed 3584K, reserved 1048576K
}

Deoptimization events (10 events):
Event: 24.936 Thread 0x00000000020f2000 Uncommon trap: reason=unhandled action=none pc=0x0000000002c35a64 method=java.net.URLClassLoader$1.run()Ljava/lang/Class; @ 72
Event: 24.937 Thread 0x00000000020f2000 Uncommon trap: reason=unreached action=reinterpret pc=0x0000000002c33a9c method=java.net.URLClassLoader.isSealed(Ljava/lang/String;Ljava/util/jar/Manifest;)Z @ 26
Event: 27.031 Thread 0x00000000020f2000 Uncommon trap: reason=class_check action=maybe_recompile pc=0x0000000002aa7c68 method=java.util.AbstractList$Itr.hasNext()Z @ 8
Event: 27.031 Thread 0x00000000020f2000 Uncommon trap: reason=class_check action=maybe_recompile pc=0x0000000002aa7830 method=java.util.AbstractList$Itr.next()Ljava/lang/Object; @ 14
Event: 27.034 Thread 0x00000000020f2000 Uncommon trap: reason=class_check action=maybe_recompile pc=0x0000000002aa7c68 method=java.util.AbstractList$Itr.hasNext()Z @ 8
Event: 27.034 Thread 0x00000000020f2000 Uncommon trap: reason=class_check action=maybe_recompile pc=0x0000000002aa7830 method=java.util.AbstractList$Itr.next()Ljava/lang/Object; @ 14
Event: 35.723 Thread 0x000000001a9b6000 Uncommon trap: reason=class_check action=maybe_recompile pc=0x000000000297168c method=java.util.zip.InflaterInputStream.read([BII)I @ 100
Event: 35.735 Thread 0x000000001a9b6000 Uncommon trap: reason=class_check action=maybe_recompile pc=0x000000000297168c method=java.util.zip.InflaterInputStream.read([BII)I @ 100
Event: 35.739 Thread 0x000000001a9b6000 Uncommon trap: reason=class_check action=maybe_recompile pc=0x000000000297168c method=java.util.zip.InflaterInputStream.read([BII)I @ 100
Event: 35.742 Thread 0x000000001a9b6000 Uncommon trap: reason=class_check action=maybe_recompile pc=0x000000000297168c method=java.util.zip.InflaterInputStream.read([BII)I @ 100

Internal exceptions (10 events):
Event: 33.878 Thread 0x000000001a9b6000 Exception <a 'sun/nio/fs/WindowsException'> (0x00000000d6737fe8) thrown at [D:\re\workspace\8-2-build-windows-amd64-cygwin\jdk8u25\1677\hotspot\src\share\vm\prims\jni.cpp, line 716]
Event: 33.879 Thread 0x000000001a9b6000 Exception <a 'sun/nio/fs/WindowsException'> (0x00000000d67387b8) thrown at [D:\re\workspace\8-2-build-windows-amd64-cygwin\jdk8u25\1677\hotspot\src\share\vm\prims\jni.cpp, line 716]
Event: 33.889 Thread 0x00000000020f2000 Exception <a 'java/net/SocketTimeoutException': Read timed out> (0x00000000d6a618d8) thrown at [D:\re\workspace\8-2-build-windows-amd64-cygwin\jdk8u25\1677\hotspot\src\share\vm\prims\jni.cpp, line 742]
Event: 33.901 Thread 0x00000000020f2000 Exception <a 'java/net/SocketTimeoutException': Read timed out> (0x00000000d6a73770) thrown at [D:\re\workspace\8-2-build-windows-amd64-cygwin\jdk8u25\1677\hotspot\src\share\vm\prims\jni.cpp, line 742]
Event: 35.562 Thread 0x000000001a9b6000 Exception <a 'java/io/FileNotFoundException'> (0x00000000d673d160) thrown at [D:\re\workspace\8-2-build-windows-amd64-cygwin\jdk8u25\1677\hotspot\src\share\vm\prims\jni.cpp, line 716]
Event: 35.634 Thread 0x000000001a9b6000 Exception <a 'java/lang/ClassNotFoundException': java/lang/Null> (0x00000000d6e57290) thrown at [D:\re\workspace\8-2-build-windows-amd64-cygwin\jdk8u25\1677\hotspot\src\share\vm\classfile\systemDictionary.cpp, line 202]
Event: 35.649 Thread 0x000000001a9b6000 Exception <a 'java/lang/NoSuchFieldError': method resolution failed> (0x00000000d6eba778) thrown at [D:\re\workspace\8-2-build-windows-amd64-cygwin\jdk8u25\1677\hotspot\src\share\vm\prims\methodHandles.cpp, line 1159]
Event: 35.654 Thread 0x000000001a9b6000 Exception <a 'java/lang/NoSuchFieldError': method resolution failed> (0x00000000d6ec9460) thrown at [D:\re\workspace\8-2-build-windows-amd64-cygwin\jdk8u25\1677\hotspot\src\share\vm\prims\methodHandles.cpp, line 1159]
Event: 35.657 Thread 0x000000001a9b6000 Exception <a 'java/lang/NoSuchFieldError': method resolution failed> (0x00000000d6ecc590) thrown at [D:\re\workspace\8-2-build-windows-amd64-cygwin\jdk8u25\1677\hotspot\src\share\vm\prims\methodHandles.cpp, line 1159]
Event: 36.023 Thread 0x000000001a9b6000 Exception <a 'java/io/FileNotFoundException'> (0x00000000d72b67f8) thrown at [D:\re\workspace\8-2-build-windows-amd64-cygwin\jdk8u25\1677\hotspot\src\share\vm\prims\jni.cpp, line 716]

Events (10 events):
Event: 36.120 Thread 0x000000001a9b6000 DEOPT PACKING pc=0x0000000002ed90a3 sp=0x000000001bbfeb90
Event: 36.120 Thread 0x000000001a9b6000 DEOPT UNPACKING pc=0x00000000024d71bf sp=0x000000001bbfe8b0 mode 0
Event: 36.124 Executing VM operation: ParallelGCFailedAllocation
Event: 36.153 Executing VM operation: ParallelGCFailedAllocation done
Event: 36.154 Executing VM operation: RevokeBias
Event: 36.154 Executing VM operation: RevokeBias done
Event: 36.154 Executing VM operation: RevokeBias
Event: 36.154 Executing VM operation: RevokeBias done
Event: 36.155 Thread 0x000000001a9b6000 DEOPT PACKING pc=0x0000000002ed90a3 sp=0x000000001bbfeb90
Event: 36.155 Thread 0x000000001a9b6000 DEOPT UNPACKING pc=0x00000000024d71bf sp=0x000000001bbfe8b0 mode 0


Dynamic libraries:
0x000000013f2f0000 - 0x000000013f324000 	C:\Program Files\Java\jdk1.8.0_25\bin\javaw.exe
0x0000000077330000 - 0x00000000774cf000 	C:\Windows\SYSTEM32\ntdll.dll
0x0000000077110000 - 0x000000007722f000 	C:\Windows\system32\kernel32.dll
0x000007fefd010000 - 0x000007fefd077000 	C:\Windows\system32\KERNELBASE.dll
0x000007fefece0000 - 0x000007fefedbb000 	C:\Windows\system32\ADVAPI32.dll
0x000007fefeeb0000 - 0x000007fefef4f000 	C:\Windows\system32\msvcrt.dll
0x000007fefee90000 - 0x000007fefeeaf000 	C:\Windows\SYSTEM32\sechost.dll
0x000007fefd250000 - 0x000007fefd37c000 	C:\Windows\system32\RPCRT4.dll
0x0000000077230000 - 0x000000007732a000 	C:\Windows\system32\USER32.dll
0x000007fefd830000 - 0x000007fefd897000 	C:\Windows\system32\GDI32.dll
0x000007fefd240000 - 0x000007fefd24e000 	C:\Windows\system32\LPK.dll
0x000007fefedc0000 - 0x000007fefee8b000 	C:\Windows\system32\USP10.dll
0x000007fefa890000 - 0x000007fefaa85000 	C:\Windows\WinSxS\amd64_microsoft.windows.common-controls_6595b64144ccf1df_6.0.7601.24483_none_e372d88f30fbb845\COMCTL32.dll
0x000007feff0e0000 - 0x000007feff151000 	C:\Windows\system32\SHLWAPI.dll
0x000007fefecb0000 - 0x000007fefecde000 	C:\Windows\system32\IMM32.DLL
0x000007fefd8a0000 - 0x000007fefd9ab000 	C:\Windows\system32\MSCTF.dll
0x000007fefcd90000 - 0x000007fefcded000 	c:\progra~1\citrix\system32\mfaphook64.dll
0x000007fefccb0000 - 0x000007fefcce2000 	C:\Program Files\Citrix\ICAService\picaFullScreenHookX64.dll
0x000007fefc590000 - 0x000007fefc5de000 	C:\Program Files\Citrix\ICAService\ShellHook64.dll
0x000007fefdf20000 - 0x000007fefecab000 	C:\Windows\system32\SHELL32.dll
0x000007fefcaf0000 - 0x000007fefcc6e000 	C:\Program Files\Citrix\ICAService\SCardHook64.dll
0x000007fefc670000 - 0x000007fefc69a000 	C:\Program Files\Citrix\ICAService\cxinjime64.dll
0x000007fefc620000 - 0x000007fefc668000 	C:\Program Files\Citrix\ICAService\PicaWtsHook64.dll
0x000007fefc5e0000 - 0x000007fefc61a000 	C:\Program Files\AppSense\Environment Manager\Agent\EmLoader.dll
0x0000000065460000 - 0x0000000065532000 	C:\Program Files\Java\jdk1.8.0_25\jre\bin\msvcr100.dll
0x00000000605b0000 - 0x0000000060e0a000 	C:\Program Files\Java\jdk1.8.0_25\jre\bin\server\jvm.dll
0x000007feee740000 - 0x000007feee749000 	C:\Windows\system32\WSOCK32.dll
0x000007feff2f0000 - 0x000007feff33d000 	C:\Windows\system32\WS2_32.dll
0x000007feff070000 - 0x000007feff078000 	C:\Windows\system32\NSI.dll
0x000007fef8680000 - 0x000007fef86bb000 	C:\Windows\system32\WINMM.dll
0x00000000774e0000 - 0x00000000774e7000 	C:\Windows\system32\PSAPI.DLL
0x000000006bd80000 - 0x000000006bd8f000 	C:\Program Files\Java\jdk1.8.0_25\jre\bin\verify.dll
0x0000000068da0000 - 0x0000000068dc8000 	C:\Program Files\Java\jdk1.8.0_25\jre\bin\java.dll
0x0000000180000000 - 0x0000000180031000 	C:\Windows\system32\jvmhook.dll
0x000007fefd9b0000 - 0x000007fefdbaf000 	C:\Windows\system32\ole32.dll
0x000007feff540000 - 0x000007feff61b000 	C:\Windows\system32\OLEAUT32.dll
0x000007feda1b0000 - 0x000007feda1e1000 	C:\Windows\system32\atl110.DLL
0x000007fedc300000 - 0x000007fedc3a7000 	C:\Windows\system32\MSVCP110.dll
0x000007fedc3b0000 - 0x000007fedc484000 	C:\Windows\system32\MSVCR110.dll
0x0000000065420000 - 0x0000000065455000 	C:\Program Files\Java\jdk1.8.0_25\jre\bin\jdwp.dll
0x0000000069180000 - 0x0000000069188000 	C:\Program Files\Java\jdk1.8.0_25\jre\bin\npt.dll
0x0000000066bb0000 - 0x0000000066bc6000 	C:\Program Files\Java\jdk1.8.0_25\jre\bin\zip.dll
0x000007fefce90000 - 0x000007fefce9f000 	C:\Windows\system32\profapi.dll
0x0000000067db0000 - 0x0000000067db9000 	C:\Program Files\Java\jdk1.8.0_25\jre\bin\dt_socket.dll
0x000007fef9060000 - 0x000007fef9075000 	C:\Windows\system32\NLAapi.dll
0x000007fef9040000 - 0x000007fef9055000 	C:\Windows\system32\napinsp.dll
0x000007fef9020000 - 0x000007fef9039000 	C:\Windows\system32\pnrpnsp.dll
0x000007fefbb30000 - 0x000007fefbb85000 	C:\Windows\System32\mswsock.dll
0x000007fefb9b0000 - 0x000007fefba0b000 	C:\Windows\system32\DNSAPI.dll
0x000007fef9010000 - 0x000007fef901b000 	C:\Windows\System32\winrnr.dll
0x000007fefaa90000 - 0x000007fefaab7000 	C:\Windows\system32\IPHLPAPI.DLL
0x000007fefafa0000 - 0x000007fefafab000 	C:\Windows\system32\WINNSI.DLL
0x000007fef8f70000 - 0x000007fef8fc3000 	C:\Windows\System32\fwpuclnt.dll
0x000007fef8f60000 - 0x000007fef8f68000 	C:\Windows\system32\rasadhlp.dll
0x000007fefb240000 - 0x000007fefb247000 	C:\Windows\System32\wshtcpip.dll
0x0000000065400000 - 0x000000006541a000 	C:\Program Files\Java\jdk1.8.0_25\jre\bin\net.dll
0x000007fefbb20000 - 0x000007fefbb27000 	C:\Windows\System32\wship6.dll
0x00000000653e0000 - 0x00000000653f1000 	C:\Program Files\Java\jdk1.8.0_25\jre\bin\nio.dll
0x0000000064fa0000 - 0x0000000064fc4000 	C:\Program Files\Java\jdk1.8.0_25\jre\bin\sunec.dll
0x000007fefbb90000 - 0x000007fefbba8000 	C:\Windows\system32\CRYPTSP.dll
0x000007fefb890000 - 0x000007fefb8d7000 	C:\Windows\system32\rsaenh.dll
0x000007fefcfe0000 - 0x000007fefcfff000 	C:\Windows\system32\USERENV.dll
0x000007fefc1f0000 - 0x000007fefc1ff000 	C:\Windows\system32\CRYPTBASE.dll
0x000007fef8ff0000 - 0x000007fef9001000 	C:\Windows\system32\dhcpcsvc6.DLL
0x000007fef8fd0000 - 0x000007fef8fe8000 	C:\Windows\system32\dhcpcsvc.DLL
0x000007fefc200000 - 0x000007fefc257000 	C:\Windows\system32\apphelp.dll
0x0000000064b40000 - 0x0000000064cd8000 	C:\Program Files\Java\jdk1.8.0_25\jre\bin\awt.dll
0x000007fef9eb0000 - 0x000007fef9ec8000 	C:\Windows\system32\DWMAPI.DLL
0x000007feee980000 - 0x000007feeeaa5000 	C:\Windows\system32\dbghelp.dll

VM Arguments:
jvm_args: -agentlib:jvmhook -agentlib:jdwp=transport=dt_socket,suspend=y,address=localhost:58648 -Dfile.encoding=UTF-8 -Xrunjvmhook -Xbootclasspath/a:C:\Program Files (x86)\HP\Unified Functional Testing\bin\java_shared\classes;C:\Program Files (x86)\HP\Unified Functional Testing\bin\java_shared\classes\jasmine.jar 
java_command: org.eclipse.jdt.internal.junit.runner.RemoteTestRunner -version 3 -port 58647 -testLoaderClass org.eclipse.jdt.internal.junit4.runner.JUnit4TestLoader -loaderpluginname org.eclipse.jdt.junit4.runtime -classNames project.features.TestRunner
java_class_path (initial): \\IHTECH.COM\FS01\HOME\Global\venkatesh.narla\git\com.icd10-iu.project\target\test-classes;\\IHTECH.COM\FS01\HOME\Global\venkatesh.narla\git\com.icd10-iu.project\target\classes;C:\Users\venkatesh.narla\.m2\repository\net\serenity-bdd\serenity-core\1.1.37-rc.6\serenity-core-1.1.37-rc.6.jar;C:\Users\venkatesh.narla\.m2\repository\com\google\guava\guava\18.0\guava-18.0.jar;C:\Users\venkatesh.narla\.m2\repository\com\google\code\findbugs\jsr305\3.0.1\jsr305-3.0.1.jar;C:\Users\venkatesh.narla\.m2\repository\com\google\inject\guice\3.0\guice-3.0.jar;C:\Users\venkatesh.narla\.m2\repository\javax\inject\javax.inject\1\javax.inject-1.jar;C:\Users\venkatesh.narla\.m2\repository\aopalliance\aopalliance\1.0\aopalliance-1.0.jar;C:\Users\venkatesh.narla\.m2\repository\cglib\cglib\3.1\cglib-3.1.jar;C:\Users\venkatesh.narla\.m2\repository\org\ow2\asm\asm\5.0.3\asm-5.0.3.jar;C:\Users\venkatesh.narla\.m2\repository\commons-codec\commons-codec\1.10\commons-codec-1.10.jar;C:\Users\venkatesh.narla\.m2\repository\org\objenesis\objenesis\2.1\objenesis-2.1.jar;C:\Users\venkatesh.narla\.m2\repository\org\slf4j\slf4j-api\1.7.21\slf4j-api-1.7.21.jar;C:\Users\venkatesh.narla\.m2\repository\xml-apis\xml-apis\1.4.01\xml-apis-1.4.01.jar;C:\Users\venkatesh.narla\.m2\repository\info\cukes\cucumber-core\1.2.4\cucumber-core-1.2.4.jar;C:\Users\venkatesh.narla\.m2\repository\info\cukes\cucumber-html\0.2.3\cucumber-html-0.2.3.jar;C:\Users\venkatesh.narla\.m2\repository\info\cukes\cucumber-jvm-deps\1.0.5\cucumber-jvm-deps-1.0.5.jar;C:\Users\venkatesh.narla\.m2\repository\info\cukes\gherkin\2.12.2\gherkin-2.12.2.jar;C:\Users\venkatesh.narla\.m2\repository\commons-logging\commons-logging\1.2\commons-logging-1.2.jar;C:\Users\venkatesh.narla\.m2\repository\org\mockito\mockito-core\1.10.19\mockito-core-1.10.19.jar;C:\Users\venkatesh.narla\.m2\repository\net\serenity-bdd\serenity-report-resources\1.1.37-rc.6\serenity-report-resources-1.1.37-rc.6.jar;C:\Users\venkatesh.narla\.m2\rep
Launcher Type: SUN_STANDARD

Environment Variables:
JAVA_TOOL_OPTIONS=-agentlib:jvmhook
_JAVA_OPTIONS=-Xrunjvmhook -Xbootclasspath/a:"C:\Program Files (x86)\HP\Unified Functional Testing\bin\java_shared\classes";"C:\Program Files (x86)\HP\Unified Functional Testing\bin\java_shared\classes\jasmine.jar"
PATH=C:\Program Files\Java\jdk1.8.0_25\jre\bin;C:\Informatica\10.2.0\clients\tools\datadirect;C:\Informatica\10.2.0\clients\tools\odbcdrv;C:\Informatica\10.2.0\clients\tools\jdbcdrv;C:\Informatica\10.2.0\clients\tools\sharedlibs;C:\Informatica\9.6.1\clients\tools\datadirect;C:\Informatica\9.6.1\clients\tools\odbcdrv;C:\Informatica\9.6.1\clients\tools\jdbcdrv;C:\Informatica\9.1.0\DataTransformation\bin;C:\Informatica\9.1.0\clients\tools\datadirect;C:\Informatica\9.1.0\clients\DeveloperClient\bin;C:\Informatica\9.1.0\clients\java\jre\bin\server;C:\oracle\product\10.2.0\client_1\bin;C:\Windows\system32;C:\Windows;C:\Windows\System32\Wbem;C:\Windows\System32\WindowsPowerShell\v1.0\;C:\Program Files (x86)\Citrix\System32\;C:\Program Files\Citrix\System32\;C:\Program Files\TortoiseSVN\bin;C:\Program Files (x86)\Shoreline Communications\ShoreWare Client\;c:\Program Files (x86)\Java\jdk1.7.0_71\bin;C:\Program Files\Citrix\ICAService\;C:\Program Files (x86)\Common Files\Citrix\System32;C:\Program Files (x86)\Shoreline Communications\ShoreWare Client\win64;C:\Program Files\nodejs\;C:\Program Files (x86)\HP\Unified Functional Testing\bin;C:\Program Files (x86)\Sennheiser\SoftphoneSDK\;C:\Program Files\Citrix\Virtual Desktop Agent\;C:\Program Files\Git\cmd;C:\Program Files\TortoiseGit\bin;C:\Program Files (x86)\HP\Unified Functional Testing\\bin64
USERNAME=venkatesh.narla
OS=Windows_NT
PROCESSOR_IDENTIFIER=Intel64 Family 6 Model 15 Stepping 1, GenuineIntel



---------------  S Y S T E M  ---------------

OS: Windows 7 , 64 bit Build 7601 Service Pack 1

CPU:total 4 (2 cores per cpu, 1 threads per core) family 6 model 15 stepping 1, cmov, cx8, fxsr, mmx, sse, sse2, sse3, ssse3, tsc, tscinvbit

Memory: 4k page, physical 8388040k(309128k free), swap 11007580k(5132k free)

vm_info: Java HotSpot(TM) 64-Bit Server VM (25.25-b02) for windows-amd64 JRE (1.8.0_25-b18), built on Oct  7 2014 14:25:37 by "java_re" with MS VC++ 10.0 (VS2010)

time: Fri Feb 21 17:02:56 2020
elapsed time: 36 seconds (0d 0h 0m 36s)

